Copyright 1986-2022 Xilinx, Inc. All Rights Reserved.
------------------------------------------------------------------------------------------------------------------------------------------------------------------------------------------------------------------------------
| Tool Version : Vivado v.2022.1 (lin64) Build 3526262 Mon Apr 18 15:47:01 MDT 2022
| Date         : Mon Jul 29 16:52:20 2024
| Host         : dhd running 64-bit Ubuntu 20.04.3 LTS
| Command      : report_timing_summary -max_paths 10 -report_unconstrained -file BASIC_gates_timing_summary_routed.rpt -pb BASIC_gates_timing_summary_routed.pb -rpx BASIC_gates_timing_summary_routed.rpx -warn_on_violation
| Design       : BASIC_gates
| Device       : 7a35t-cpg236
| Speed File   : -1  PRODUCTION 1.23 2018-06-13
------------------------------------------------------------------------------------------------------------------------------------------------------------------------------------------------------------------------------

Timing Summary Report

------------------------------------------------------------------------------------------------
| Timer Settings
| --------------
------------------------------------------------------------------------------------------------

  Enable Multi Corner Analysis               :  Yes
  Enable Pessimism Removal                   :  Yes
  Pessimism Removal Resolution               :  Nearest Common Node
  Enable Input Delay Default Clock           :  No
  Enable Preset / Clear Arcs                 :  No
  Disable Flight Delays                      :  No
  Ignore I/O Paths                           :  No
  Timing Early Launch at Borrowing Latches   :  No
  Borrow Time for Max Delay Exceptions       :  Yes
  Merge Timing Exceptions                    :  Yes

  Corner  Analyze    Analyze    
  Name    Max Paths  Min Paths  
  ------  ---------  ---------  
  Slow    Yes        Yes        
  Fast    Yes        Yes        


------------------------------------------------------------------------------------------------
| Report Methodology
| ------------------
------------------------------------------------------------------------------------------------

Rule  Severity  Description  Violations  
----  --------  -----------  ----------  

Note: This report is based on the most recent report_methodology run and may not be up-to-date. Run report_methodology on the current design for the latest report.



check_timing report

Table of Contents
-----------------
1. checking no_clock (0)
2. checking constant_clock (0)
3. checking pulse_width_clock (0)
4. checking unconstrained_internal_endpoints (0)
5. checking no_input_delay (0)
6. checking no_output_delay (0)
7. checking multiple_clock (0)
8. checking generated_clocks (0)
9. checking loops (0)
10. checking partial_input_delay (0)
11. checking partial_output_delay (0)
12. checking latch_loops (0)

1. checking no_clock (0)
------------------------
 There are 0 register/latch pins with no clock.


2. checking constant_clock (0)
------------------------------
 There are 0 register/latch pins with constant_clock.


3. checking pulse_width_clock (0)
---------------------------------
 There are 0 register/latch pins which need pulse_width check


4. checking unconstrained_internal_endpoints (0)
------------------------------------------------
 There are 0 pins that are not constrained for maximum delay.

 There are 0 pins that are not constrained for maximum delay due to constant clock.


5. checking no_input_delay (0)
------------------------------
 There are 0 input ports with no input delay specified.

 There are 0 input ports with no input delay but user has a false path constraint.


6. checking no_output_delay (0)
-------------------------------
 There are 0 ports with no output delay specified.

 There are 0 ports with no output delay but user has a false path constraint

 There are 0 ports with no output delay but with a timing clock defined on it or propagating through it


7. checking multiple_clock (0)
------------------------------
 There are 0 register/latch pins with multiple clocks.


8. checking generated_clocks (0)
--------------------------------
 There are 0 generated clocks that are not connected to a clock source.


9. checking loops (0)
---------------------
 There are 0 combinational loops in the design.


10. checking partial_input_delay (0)
------------------------------------
 There are 0 input ports with partial input delay specified.


11. checking partial_output_delay (0)
-------------------------------------
 There are 0 ports with partial output delay specified.


12. checking latch_loops (0)
----------------------------
 There are 0 combinational latch loops in the design through latch input



------------------------------------------------------------------------------------------------
| Design Timing Summary
| ---------------------
------------------------------------------------------------------------------------------------

    WNS(ns)      TNS(ns)  TNS Failing Endpoints  TNS Total Endpoints      WHS(ns)      THS(ns)  THS Failing Endpoints  THS Total Endpoints     WPWS(ns)     TPWS(ns)  TPWS Failing Endpoints  TPWS Total Endpoints  
    -------      -------  ---------------------  -------------------      -------      -------  ---------------------  -------------------     --------     --------  ----------------------  --------------------  
        inf        0.000                      0                    3          inf        0.000                      0                    3           NA           NA                      NA                    NA  


There are no user specified timing constraints.


------------------------------------------------------------------------------------------------
| Clock Summary
| -------------
------------------------------------------------------------------------------------------------


------------------------------------------------------------------------------------------------
| Intra Clock Table
| -----------------
------------------------------------------------------------------------------------------------

Clock             WNS(ns)      TNS(ns)  TNS Failing Endpoints  TNS Total Endpoints      WHS(ns)      THS(ns)  THS Failing Endpoints  THS Total Endpoints     WPWS(ns)     TPWS(ns)  TPWS Failing Endpoints  TPWS Total Endpoints  
-----             -------      -------  ---------------------  -------------------      -------      -------  ---------------------  -------------------     --------     --------  ----------------------  --------------------  


------------------------------------------------------------------------------------------------
| Inter Clock Table
| -----------------
------------------------------------------------------------------------------------------------

From Clock    To Clock          WNS(ns)      TNS(ns)  TNS Failing Endpoints  TNS Total Endpoints      WHS(ns)      THS(ns)  THS Failing Endpoints  THS Total Endpoints  
----------    --------          -------      -------  ---------------------  -------------------      -------      -------  ---------------------  -------------------  


------------------------------------------------------------------------------------------------
| Other Path Groups Table
| -----------------------
------------------------------------------------------------------------------------------------

Path Group    From Clock    To Clock          WNS(ns)      TNS(ns)  TNS Failing Endpoints  TNS Total Endpoints      WHS(ns)      THS(ns)  THS Failing Endpoints  THS Total Endpoints  
----------    ----------    --------          -------      -------  ---------------------  -------------------      -------      -------  ---------------------  -------------------  


------------------------------------------------------------------------------------------------
| User Ignored Path Table
| -----------------------
------------------------------------------------------------------------------------------------

Path Group    From Clock    To Clock    
----------    ----------    --------    


------------------------------------------------------------------------------------------------
| Unconstrained Path Table
| ------------------------
------------------------------------------------------------------------------------------------

Path Group    From Clock    To Clock    
----------    ----------    --------    
(none)                                    


------------------------------------------------------------------------------------------------
| Timing Details
| --------------
------------------------------------------------------------------------------------------------


--------------------------------------------------------------------------------------
Path Group:  (none)
From Clock:  
  To Clock:  

Max Delay             3 Endpoints
Min Delay             3 Endpoints
--------------------------------------------------------------------------------------


Max Delay Paths
--------------------------------------------------------------------------------------
Slack:                    inf
  Source:                 e_or_in
                            (input port)
  Destination:            f_or_out
                            (output port)
  Path Group:             (none)
  Path Type:              Max at Slow Process Corner
  Data Path Delay:        8.064ns  (logic 5.079ns (62.982%)  route 2.985ns (37.018%))
  Logic Levels:           3  (IBUF=1 LUT2=1 OBUF=1)

    Location             Delay type                Incr(ns)  Path(ns)    Netlist Resource(s)
  -------------------------------------------------------------------    -------------------
    W17                                               0.000     0.000 r  e_or_in (IN)
                         net (fo=0)                   0.000     0.000    e_or_in
    W17                  IBUF (Prop_ibuf_I_O)         1.448     1.448 r  e_or_in_IBUF_inst/O
                         net (fo=1, routed)           1.070     2.518    e_or_in_IBUF
    SLICE_X0Y9           LUT2 (Prop_lut2_I1_O)        0.124     2.642 r  f_or_out_OBUF_inst_i_1/O
                         net (fo=1, routed)           1.915     4.557    f_or_out_OBUF
    U14                  OBUF (Prop_obuf_I_O)         3.506     8.064 r  f_or_out_OBUF_inst/O
                         net (fo=0)                   0.000     8.064    f_or_out
    U14                                                               r  f_or_out (OUT)
  -------------------------------------------------------------------    -------------------

Slack:                    inf
  Source:                 a_and_in
                            (input port)
  Destination:            c_and_out
                            (output port)
  Path Group:             (none)
  Path Type:              Max at Slow Process Corner
  Data Path Delay:        8.029ns  (logic 5.082ns (63.292%)  route 2.947ns (36.708%))
  Logic Levels:           3  (IBUF=1 LUT2=1 OBUF=1)

    Location             Delay type                Incr(ns)  Path(ns)    Netlist Resource(s)
  -------------------------------------------------------------------    -------------------
    V17                                               0.000     0.000 r  a_and_in (IN)
                         net (fo=0)                   0.000     0.000    a_and_in
    V17                  IBUF (Prop_ibuf_I_O)         1.453     1.453 r  a_and_in_IBUF_inst/O
                         net (fo=1, routed)           1.070     2.523    a_and_in_IBUF
    SLICE_X0Y11          LUT2 (Prop_lut2_I0_O)        0.124     2.647 r  c_and_out_OBUF_inst_i_1/O
                         net (fo=1, routed)           1.877     4.524    c_and_out_OBUF
    U16                  OBUF (Prop_obuf_I_O)         3.505     8.029 r  c_and_out_OBUF_inst/O
                         net (fo=0)                   0.000     8.029    c_and_out
    U16                                                               r  c_and_out (OUT)
  -------------------------------------------------------------------    -------------------

Slack:                    inf
  Source:                 g_not_in
                            (input port)
  Destination:            h_not_out
                            (output port)
  Path Group:             (none)
  Path Type:              Max at Slow Process Corner
  Data Path Delay:        7.819ns  (logic 5.075ns (64.909%)  route 2.744ns (35.091%))
  Logic Levels:           3  (IBUF=1 LUT1=1 OBUF=1)

    Location             Delay type                Incr(ns)  Path(ns)    Netlist Resource(s)
  -------------------------------------------------------------------    -------------------
    W15                                               0.000     0.000 f  g_not_in (IN)
                         net (fo=0)                   0.000     0.000    g_not_in
    W15                  IBUF (Prop_ibuf_I_O)         1.451     1.451 f  g_not_in_IBUF_inst/O
                         net (fo=1, routed)           0.858     2.308    g_not_in_IBUF
    SLICE_X0Y6           LUT1 (Prop_lut1_I0_O)        0.124     2.432 r  h_not_out_OBUF_inst_i_1/O
                         net (fo=1, routed)           1.886     4.319    h_not_out_OBUF
    V14                  OBUF (Prop_obuf_I_O)         3.501     7.819 r  h_not_out_OBUF_inst/O
                         net (fo=0)                   0.000     7.819    h_not_out
    V14                                                               r  h_not_out (OUT)
  -------------------------------------------------------------------    -------------------





Min Delay Paths
--------------------------------------------------------------------------------------
Slack:                    inf
  Source:                 g_not_in
                            (input port)
  Destination:            h_not_out
                            (output port)
  Path Group:             (none)
  Path Type:              Min at Fast Process Corner
  Data Path Delay:        2.224ns  (logic 1.466ns (65.918%)  route 0.758ns (34.082%))
  Logic Levels:           3  (IBUF=1 LUT1=1 OBUF=1)

    Location             Delay type                Incr(ns)  Path(ns)    Netlist Resource(s)
  -------------------------------------------------------------------    -------------------
    W15                                               0.000     0.000 f  g_not_in (IN)
                         net (fo=0)                   0.000     0.000    g_not_in
    W15                  IBUF (Prop_ibuf_I_O)         0.219     0.219 f  g_not_in_IBUF_inst/O
                         net (fo=1, routed)           0.342     0.560    g_not_in_IBUF
    SLICE_X0Y6           LUT1 (Prop_lut1_I0_O)        0.045     0.605 r  h_not_out_OBUF_inst_i_1/O
                         net (fo=1, routed)           0.416     1.022    h_not_out_OBUF
    V14                  OBUF (Prop_obuf_I_O)         1.202     2.224 r  h_not_out_OBUF_inst/O
                         net (fo=0)                   0.000     2.224    h_not_out
    V14                                                               r  h_not_out (OUT)
  -------------------------------------------------------------------    -------------------

Slack:                    inf
  Source:                 b_and_in
                            (input port)
  Destination:            c_and_out
                            (output port)
  Path Group:             (none)
  Path Type:              Min at Fast Process Corner
  Data Path Delay:        2.249ns  (logic 1.480ns (65.815%)  route 0.769ns (34.185%))
  Logic Levels:           3  (IBUF=1 LUT2=1 OBUF=1)

    Location             Delay type                Incr(ns)  Path(ns)    Netlist Resource(s)
  -------------------------------------------------------------------    -------------------
    V16                                               0.000     0.000 r  b_and_in (IN)
                         net (fo=0)                   0.000     0.000    b_and_in
    V16                  IBUF (Prop_ibuf_I_O)         0.229     0.229 r  b_and_in_IBUF_inst/O
                         net (fo=1, routed)           0.342     0.571    b_and_in_IBUF
    SLICE_X0Y11          LUT2 (Prop_lut2_I1_O)        0.045     0.616 r  c_and_out_OBUF_inst_i_1/O
                         net (fo=1, routed)           0.427     1.043    c_and_out_OBUF
    U16                  OBUF (Prop_obuf_I_O)         1.206     2.249 r  c_and_out_OBUF_inst/O
                         net (fo=0)                   0.000     2.249    c_and_out
    U16                                                               r  c_and_out (OUT)
  -------------------------------------------------------------------    -------------------

Slack:                    inf
  Source:                 d_or_in
                            (input port)
  Destination:            f_or_out
                            (output port)
  Path Group:             (none)
  Path Type:              Min at Fast Process Corner
  Data Path Delay:        2.264ns  (logic 1.484ns (65.561%)  route 0.780ns (34.439%))
  Logic Levels:           3  (IBUF=1 LUT2=1 OBUF=1)

    Location             Delay type                Incr(ns)  Path(ns)    Netlist Resource(s)
  -------------------------------------------------------------------    -------------------
    W16                                               0.000     0.000 r  d_or_in (IN)
                         net (fo=0)                   0.000     0.000    d_or_in
    W16                  IBUF (Prop_ibuf_I_O)         0.232     0.232 r  d_or_in_IBUF_inst/O
                         net (fo=1, routed)           0.342     0.573    d_or_in_IBUF
    SLICE_X0Y9           LUT2 (Prop_lut2_I0_O)        0.045     0.618 r  f_or_out_OBUF_inst_i_1/O
                         net (fo=1, routed)           0.438     1.056    f_or_out_OBUF
    U14                  OBUF (Prop_obuf_I_O)         1.207     2.264 r  f_or_out_OBUF_inst/O
                         net (fo=0)                   0.000     2.264    f_or_out
    U14                                                               r  f_or_out (OUT)
  -------------------------------------------------------------------    -------------------





